2023-10-03 09:04:03 Loading main app package /tmp/.mount_Obsidiljqr95/resources/obsidian.asar
2023-10-03 09:04:04 Checking for update using Github
2023-10-03 09:04:04 Success.
2023-10-03 09:04:04 Latest version is 1.4.14
2023-10-03 09:04:04 App is up to date.
2023-10-11 08:30:09 Loading main app package /tmp/.mount_Obsidi75PbSc/resources/obsidian.asar
2023-10-11 08:30:09 Checking for update using Github
2023-10-11 08:30:09 Success.
2023-10-11 08:30:09 Latest version is 1.4.14
2023-10-11 08:30:09 App is up to date.
2023-10-11 09:30:09 Checking for update using Github
2023-10-11 09:30:10 Success.
2023-10-11 09:30:10 Latest version is 1.4.14
2023-10-11 09:30:10 App is up to date.
2023-10-11 10:30:09 Checking for update using Github
2023-10-11 10:30:09 Success.
2023-10-11 10:30:09 Latest version is 1.4.14
2023-10-11 10:30:09 App is up to date.
2023-10-11 11:30:09 Checking for update using Github
2023-10-11 11:30:09 Success.
2023-10-11 11:30:09 Latest version is 1.4.14
2023-10-11 11:30:09 App is up to date.
2023-10-11 12:30:09 Checking for update using Github
2023-10-11 12:30:09 Success.
2023-10-11 12:30:09 Latest version is 1.4.14
2023-10-11 12:30:09 App is up to date.
2023-10-11 13:30:09 Checking for update using Github
2023-10-11 13:30:09 Success.
2023-10-11 13:30:09 Latest version is 1.4.14
2023-10-11 13:30:09 App is up to date.
2023-10-11 14:30:09 Checking for update using Github
2023-10-11 14:30:09 Success.
2023-10-11 14:30:09 Latest version is 1.4.14
2023-10-11 14:30:09 App is up to date.
2023-10-24 08:53:03 Loading main app package /tmp/.mount_ObsidiL0dUfq/resources/obsidian.asar
2023-10-24 08:53:03 Checking for update using Github
2023-10-24 08:53:03 Success.
2023-10-24 08:53:03 Latest version is 1.4.16
2023-10-24 08:53:03 Downloading update from https://github.com/obsidianmd/obsidian-releases/releases/download/v1.4.16/obsidian-1.4.16.asar.gz
2023-10-24 08:53:05 Loading main app package /tmp/.mount_ObsidiKZIhMg/resources/obsidian.asar
2023-10-24 08:53:05 Checking for update using Github
2023-10-24 08:53:07 Verifying hash & signature. Size= 8394471
2023-10-24 08:53:07 Saving file
2023-10-24 08:53:07 Update complete.
2023-10-24 09:53:03 Checking for update using Github
2023-10-24 09:53:03 Success.
2023-10-24 09:53:03 Latest version is 1.4.16
2023-10-24 09:53:03 An update is already downloaded.
2023-10-24 10:53:03 Checking for update using Github
2023-10-24 10:53:03 Success.
2023-10-24 10:53:03 Latest version is 1.4.16
2023-10-24 10:53:03 An update is already downloaded.
2023-10-24 11:53:03 Checking for update using Github
2023-10-24 11:53:03 Success.
2023-10-24 11:53:03 Latest version is 1.4.16
2023-10-24 11:53:03 An update is already downloaded.
2023-10-24 12:53:03 Checking for update using Github
2023-10-24 12:53:03 Success.
2023-10-24 12:53:03 Latest version is 1.4.16
2023-10-24 12:53:03 An update is already downloaded.
2023-10-27 13:04:50 Loading updated app package /home/raoulkalkman/.config/obsidian/obsidian-1.4.16.asar
2023-10-27 13:04:50 Checking for update using Github
2023-10-27 13:04:51 Success.
2023-10-27 13:04:51 Latest version is 1.4.16
2023-10-27 13:04:51 App is up to date.
2023-10-27 14:04:50 Checking for update using Github
2023-10-27 14:04:50 Success.
2023-10-27 14:04:50 Latest version is 1.4.16
2023-10-27 14:04:50 App is up to date.
2023-10-27 15:04:50 Checking for update using Github
2023-10-27 15:04:50 Success.
2023-10-27 15:04:50 Latest version is 1.4.16
2023-10-27 15:04:50 App is up to date.
2023-10-27 16:04:50 Checking for update using Github
2023-10-27 16:04:50 Success.
2023-10-27 16:04:50 Latest version is 1.4.16
2023-10-27 16:04:50 App is up to date.
2023-10-27 17:04:50 Checking for update using Github
2023-10-27 17:04:50 Success.
2023-10-27 17:04:50 Latest version is 1.4.16
2023-10-27 17:04:50 App is up to date.
2023-11-03 11:54:33 Loading updated app package /home/raoulkalkman/.config/obsidian/obsidian-1.4.16.asar
2023-11-03 11:54:33 Checking for update using Github
2023-11-03 11:54:33 Success.
2023-11-03 11:54:33 Latest version is 1.4.16
2023-11-03 11:54:33 App is up to date.
2024-04-12 10:27:07 Loading updated app package /home/raoulkalkman/.config/obsidian/obsidian-1.4.16.asar
2024-04-12 10:27:07 Checking for update using Github
2024-04-12 10:27:07 Success.
2024-04-12 10:27:07 Latest version is 1.5.12
2024-04-12 10:27:07 Downloading update from https://github.com/obsidianmd/obsidian-releases/releases/download/v1.5.12/obsidian-1.5.12.asar.gz
2024-04-12 10:27:11 Verifying hash & signature. Size= 8781526
2024-04-12 10:27:11 Saving file
2024-04-12 10:27:11 Update complete.
2024-05-28 14:53:26 Loading updated app package /home/raoulkalkman/.config/obsidian/obsidian-1.5.12.asar
2024-05-28 14:53:26 Checking for update using Github
2024-05-28 14:53:27 Success.
2024-05-28 14:53:27 Latest version is 1.5.12
2024-05-28 14:53:27 App is up to date.
2024-06-11 09:41:55 Loading updated app package /home/raoulkalkman/.config/obsidian/obsidian-1.5.12.asar
2024-06-11 09:41:56 Checking for update using Github
2024-06-11 09:41:56 Success.
2024-06-11 09:41:56 Latest version is 1.6.3
2024-06-11 09:41:56 Downloading update from https://github.com/obsidianmd/obsidian-releases/releases/download/v1.6.3/obsidian-1.6.3.asar.gz
2024-06-11 09:41:59 Verifying hash & signature. Size= 8794449
2024-06-11 09:41:59 Saving file
2024-06-11 09:41:59 Update complete.
2024-08-08 11:08:14 Loading updated app package /home/raoulkalkman/.config/obsidian/obsidian-1.6.3.asar
2024-08-08 11:08:15 Checking for update using Github
2024-08-08 11:08:15 Success.
2024-08-08 11:08:15 Latest version is 1.6.7
2024-08-08 11:08:15 Downloading update from https://github.com/obsidianmd/obsidian-releases/releases/download/v1.6.7/obsidian-1.6.7.asar.gz
2024-08-08 11:08:21 Verifying hash & signature. Size= 7993245
2024-08-08 11:08:21 Saving file
2024-08-08 11:08:21 Update complete.
2024-09-03 16:54:27 Loading updated app package /home/raoulkalkman/.config/obsidian/obsidian-1.6.7.asar
2024-09-03 16:54:28 Checking for update using Github
2024-09-03 16:54:28 Success.
2024-09-03 16:54:28 Latest version is 1.6.7
2024-09-03 16:54:28 App is up to date.
2024-09-18 12:40:00 Loading updated app package /home/raoulkalkman/.config/obsidian/obsidian-1.6.7.asar
2024-09-18 12:40:01 Checking for update using Github
2024-09-18 12:40:01 Success.
2024-09-18 12:40:01 Latest version is 1.6.7
2024-09-18 12:40:01 App is up to date.
2025-10-07 15:14:11 Loading main app package /opt/Obsidian/resources/obsidian.asar
2025-10-07 15:14:11 Checking for update using Github
2025-10-07 15:14:11 Success.
2025-10-07 15:14:11 Latest version is 1.9.14
2025-10-07 15:14:11 App is up to date.
2025-10-07 15:36:08 Loading main app package /opt/Obsidian/resources/obsidian.asar
2025-10-07 15:36:08 Checking for update using Github
2025-10-07 15:36:08 Success.
2025-10-07 15:36:08 Latest version is 1.9.14
2025-10-07 15:36:08 App is up to date.
2025-10-07 15:41:06 Loading main app package /opt/Obsidian/resources/obsidian.asar
2025-10-07 15:41:06 Checking for update using Github
2025-10-07 15:42:48 Checking for update using Github
2025-10-07 15:42:48 Success.
2025-10-07 15:42:48 Latest version is 1.9.14
2025-10-07 15:42:48 App is up to date.
2025-10-07 16:36:08 Checking for update using Github
2025-10-07 16:36:08 Success.
2025-10-07 16:36:08 Latest version is 1.9.14
2025-10-07 16:36:08 App is up to date.
2026-01-08 13:55:55 Loading main app package /opt/Obsidian/resources/obsidian.asar
2026-01-08 13:55:56 Checking for update using Github
2026-01-08 13:55:56 Success.
2026-01-08 13:55:56 Latest version is 1.10.6
2026-01-08 13:55:56 Downloading update from https://github.com/obsidianmd/obsidian-releases/releases/download/v1.10.6/obsidian-1.10.6.asar.gz
2026-01-08 13:55:57 Verifying hash & signature. Size= 9054843
2026-01-08 13:55:57 Saving file
2026-01-08 13:55:57 Update complete.
2026-01-08 14:55:55 Checking for update using Github
2026-01-08 14:55:55 Success.
2026-01-08 14:55:55 Latest version is 1.10.6
2026-01-08 14:55:55 An update is already downloaded.
2026-01-08 15:55:55 Checking for update using Github
2026-01-08 15:55:55 Success.
2026-01-08 15:55:55 Latest version is 1.10.6
2026-01-08 15:55:55 An update is already downloaded.
2026-01-08 16:55:55 Checking for update using Github
2026-01-08 16:55:55 Success.
2026-01-08 16:55:55 Latest version is 1.10.6
2026-01-08 16:55:55 An update is already downloaded.
2026-01-08 20:12:10 Checking for update using Github
2026-01-08 20:12:10 Success.
2026-01-08 20:12:10 Latest version is 1.10.6
2026-01-08 20:12:10 An update is already downloaded.
2026-01-08 21:12:10 Checking for update using Github
2026-01-08 21:12:10 Success.
2026-01-08 21:12:10 Latest version is 1.10.6
2026-01-08 21:12:10 An update is already downloaded.
2026-01-08 22:12:10 Checking for update using Github
2026-01-08 22:12:10 Success.
2026-01-08 22:12:10 Latest version is 1.10.6
2026-01-08 22:12:10 An update is already downloaded.
2026-01-11 17:18:38 Loading updated app package /home/raoulkalkman/.config/obsidian/obsidian-1.10.6.asar
2026-01-11 17:18:39 Checking for update using Github
2026-01-11 17:18:39 Success.
2026-01-11 17:18:39 Latest version is 1.10.6
2026-01-11 17:18:39 App is up to date.
2026-01-11 17:19:40 Checking for update using Github
2026-01-11 17:19:40 Success.
2026-01-11 17:19:40 Latest version is 1.10.6
2026-01-11 17:19:40 App is up to date.
2026-01-11 17:19:42 Checking for update using Github
2026-01-11 17:19:42 Success.
2026-01-11 17:19:42 Latest version is 1.10.6
2026-01-11 17:19:42 App is up to date.
2026-01-11 17:19:43 Checking for update using Github
2026-01-11 17:19:43 Success.
2026-01-11 17:19:43 Latest version is 1.10.6
2026-01-11 17:19:43 App is up to date.
2026-01-12 09:13:54 Loading updated app package /home/raoulkalkman/.config/obsidian/obsidian-1.10.6.asar
2026-01-12 09:13:54 Checking for update using Github
2026-01-12 09:13:54 Success.
2026-01-12 09:13:54 Latest version is 1.10.6
2026-01-12 09:13:54 App is up to date.
2026-01-12 10:13:54 Checking for update using Github
2026-01-12 10:13:55 Success.
2026-01-12 10:13:55 Latest version is 1.10.6
2026-01-12 10:13:55 App is up to date.
2026-01-15 16:00:47 Loading updated app package /home/raoulkalkman/.config/obsidian/obsidian-1.10.6.asar
2026-01-15 16:00:48 Checking for update using Github
2026-01-15 16:00:48 Success.
2026-01-15 16:00:48 Latest version is 1.11.4
2026-01-15 16:00:48 Downloading update from https://github.com/obsidianmd/obsidian-releases/releases/download/v1.11.4/obsidian-1.11.4.asar.gz
2026-01-15 16:00:49 Verifying hash & signature. Size= 8769455
2026-01-15 16:00:49 Saving file
2026-01-15 16:00:49 Update complete.
2026-01-15 17:00:48 Checking for update using Github
2026-01-15 17:00:48 Success.
2026-01-15 17:00:48 Latest version is 1.11.4
2026-01-15 17:00:48 An update is already downloaded.
